<?xml version="1.0" encoding="UTF-8"?>
<coverage generated="1736755252490" clover="3.2.0">
  <project timestamp="1736755252490" name="All files">
    <metrics statements="73" coveredstatements="66" conditionals="24" coveredconditionals="17" methods="24" coveredmethods="19" elements="121" coveredelements="102" complexity="0" loc="73" ncloc="73" packages="5" files="6" classes="6"/>
    <package name="Additional">
      <metrics statements="3" coveredstatements="3" conditionals="0" coveredconditionals="0" methods="2" coveredmethods="2"/>
      <file name="CartSkeleton.jsx" path="C:\Users\AADARSH\OneDrive\Desktop\Mayank-Chaurasia-Frontend-Developer-main\src\Components\Additional\CartSkeleton.jsx">
        <metrics statements="3" coveredstatements="3" conditionals="0" coveredconditionals="0" methods="2" coveredmethods="2"/>
        <line num="4" count="1" type="stmt"/>
        <line num="5" count="4" type="stmt"/>
        <line num="7" count="32" type="stmt"/>
      </file>
    </package>
    <package name="FoodItems">
      <metrics statements="43" coveredstatements="40" conditionals="6" coveredconditionals="5" methods="12" coveredmethods="9"/>
      <file name="FoodGrid.jsx" path="C:\Users\AADARSH\OneDrive\Desktop\Mayank-Chaurasia-Frontend-Developer-main\src\Components\FoodItems\FoodGrid.jsx">
        <metrics statements="17" coveredstatements="15" conditionals="0" coveredconditionals="0" methods="4" coveredmethods="3"/>
        <line num="146" count="1" type="stmt"/>
        <line num="148" count="1" type="stmt"/>
        <line num="149" count="3" type="stmt"/>
        <line num="150" count="3" type="stmt"/>
        <line num="152" count="3" type="stmt"/>
        <line num="153" count="2" type="stmt"/>
        <line num="154" count="2" type="stmt"/>
        <line num="157" count="3" type="stmt"/>
        <line num="158" count="2" type="stmt"/>
        <line num="159" count="2" type="stmt"/>
        <line num="160" count="2" type="stmt"/>
        <line num="161" count="2" type="stmt"/>
        <line num="164" count="3" type="stmt"/>
        <line num="165" count="3" type="stmt"/>
        <line num="166" count="0" type="stmt"/>
        <line num="167" count="0" type="stmt"/>
        <line num="174" count="3" type="stmt"/>
      </file>
      <file name="FoodItems.jsx" path="C:\Users\AADARSH\OneDrive\Desktop\Mayank-Chaurasia-Frontend-Developer-main\src\Components\FoodItems\FoodItems.jsx">
        <metrics statements="26" coveredstatements="25" conditionals="6" coveredconditionals="5" methods="8" coveredmethods="6"/>
        <line num="97" count="1" type="stmt"/>
        <line num="99" count="1" type="stmt"/>
        <line num="106" count="8" type="stmt"/>
        <line num="107" count="8" type="stmt"/>
        <line num="108" count="8" type="stmt"/>
        <line num="112" count="8" type="stmt"/>
        <line num="114" count="8" type="stmt"/>
        <line num="115" count="2" type="stmt"/>
        <line num="117" count="2" type="stmt"/>
        <line num="118" count="2" type="stmt"/>
        <line num="120" count="8" type="stmt"/>
        <line num="121" count="2" type="stmt"/>
        <line num="124" count="8" type="stmt"/>
        <line num="125" count="4" type="stmt"/>
        <line num="126" count="4" type="stmt"/>
        <line num="127" count="4" type="cond" truecount="2" falsecount="0"/>
        <line num="128" count="2" type="stmt"/>
        <line num="129" count="2" type="cond" truecount="1" falsecount="1"/>
        <line num="130" count="0" type="stmt"/>
        <line num="132" count="4" type="stmt"/>
        <line num="134" count="4" type="stmt"/>
        <line num="138" count="8" type="stmt"/>
        <line num="139" count="8" type="stmt"/>
        <line num="140" count="8" type="stmt"/>
        <line num="142" count="8" type="stmt"/>
        <line num="148" count="2" type="stmt"/>
      </file>
    </package>
    <package name="Header.NavBar">
      <metrics statements="2" coveredstatements="2" conditionals="0" coveredconditionals="0" methods="1" coveredmethods="1"/>
      <file name="NavBar.jsx" path="C:\Users\AADARSH\OneDrive\Desktop\Mayank-Chaurasia-Frontend-Developer-main\src\Components\Header\NavBar\NavBar.jsx">
        <metrics statements="2" coveredstatements="2" conditionals="0" coveredconditionals="0" methods="1" coveredmethods="1"/>
        <line num="8" count="1" type="stmt"/>
        <line num="12" count="1" type="stmt"/>
      </file>
    </package>
    <package name="Modal">
      <metrics statements="13" coveredstatements="13" conditionals="8" coveredconditionals="7" methods="4" coveredmethods="4"/>
      <file name="FoodModal.jsx" path="C:\Users\AADARSH\OneDrive\Desktop\Mayank-Chaurasia-Frontend-Developer-main\src\Components\Modal\FoodModal.jsx">
        <metrics statements="13" coveredstatements="13" conditionals="8" coveredconditionals="7" methods="4" coveredmethods="4"/>
        <line num="163" count="1" type="stmt"/>
        <line num="165" count="1" type="stmt"/>
        <line num="166" count="5" type="stmt"/>
        <line num="167" count="5" type="stmt"/>
        <line num="169" count="5" type="stmt"/>
        <line num="170" count="2" type="stmt"/>
        <line num="171" count="2" type="stmt"/>
        <line num="174" count="5" type="stmt"/>
        <line num="175" count="2" type="stmt"/>
        <line num="178" count="5" type="stmt"/>
        <line num="179" count="1" type="stmt"/>
        <line num="180" count="1" type="stmt"/>
        <line num="183" count="5" type="stmt"/>
      </file>
    </package>
    <package name="Pagination">
      <metrics statements="12" coveredstatements="8" conditionals="10" coveredconditionals="5" methods="5" coveredmethods="3"/>
      <file name="Pagination.jsx" path="C:\Users\AADARSH\OneDrive\Desktop\Mayank-Chaurasia-Frontend-Developer-main\src\Components\Pagination\Pagination.jsx">
        <metrics statements="12" coveredstatements="8" conditionals="10" coveredconditionals="5" methods="5" coveredmethods="3"/>
        <line num="5" count="2" type="stmt"/>
        <line num="11" count="10" type="stmt"/>
        <line num="12" count="10" type="stmt"/>
        <line num="14" count="10" type="stmt"/>
        <line num="15" count="0" type="cond" truecount="0" falsecount="2"/>
        <line num="16" count="0" type="stmt"/>
        <line num="20" count="10" type="stmt"/>
        <line num="21" count="0" type="cond" truecount="0" falsecount="2"/>
        <line num="22" count="0" type="stmt"/>
        <line num="26" count="10" type="stmt"/>
        <line num="37" count="6" type="stmt"/>
        <line num="42" count="1" type="stmt"/>
      </file>
    </package>
  </project>
</coverage>
