{"C:\\Users\\AADARSH\\OneDrive\\Desktop\\Mayank-Chaurasia-Frontend-Developer-main\\src\\Components\\Additional\\CartSkeleton.jsx": {"path":"C:\\Users\\AADARSH\\OneDrive\\Desktop\\Mayank-Chaurasia-Frontend-Developer-main\\src\\Components\\Additional\\CartSkeleton.jsx","statementMap":{"0":{"start":{"line":4,"column":21},"end":{"line":26,"column":1}},"1":{"start":{"line":5,"column":2},"end":{"line":25,"column":3}},"2":{"start":{"line":7,"column":8},"end":{"line":23,"column":10}}},"fnMap":{"0":{"name":"(anonymous_0)","decl":{"start":{"line":4,"column":21},"end":{"line":4,"column":22}},"loc":{"start":{"line":4,"column":34},"end":{"line":26,"column":1}},"line":4},"1":{"name":"(anonymous_1)","decl":{"start":{"line":6,"column":29},"end":{"line":6,"column":30}},"loc":{"start":{"line":7,"column":8},"end":{"line":23,"column":10}},"line":7}},"branchMap":{},"s":{"0":1,"1":4,"2":32},"f":{"0":4,"1":32},"b":{},"_coverageSchema":"1a1c01bbd47fc00a2c39e90264f33305004495a9","hash":"8de9857aa3782c335e208642e88ae9479113bd3b"}
,"C:\\Users\\AADARSH\\OneDrive\\Desktop\\Mayank-Chaurasia-Frontend-Developer-main\\src\\Components\\FoodItems\\FoodGrid.jsx": {"path":"C:\\Users\\AADARSH\\OneDrive\\Desktop\\Mayank-Chaurasia-Frontend-Developer-main\\src\\Components\\FoodItems\\FoodGrid.jsx","statementMap":{"0":{"start":{"line":146,"column":14},"end":{"line":146,"column":69}},"1":{"start":{"line":148,"column":17},"end":{"line":199,"column":1}},"2":{"start":{"line":149,"column":36},"end":{"line":149,"column":48}},"3":{"start":{"line":150,"column":42},"end":{"line":150,"column":53}},"4":{"start":{"line":152,"column":22},"end":{"line":155,"column":3}},"5":{"start":{"line":153,"column":21},"end":{"line":153,"column":63}},"6":{"start":{"line":154,"column":4},"end":{"line":154,"column":29}},"7":{"start":{"line":157,"column":2},"end":{"line":162,"column":9}},"8":{"start":{"line":158,"column":26},"end":{"line":158,"column":47}},"9":{"start":{"line":159,"column":19},"end":{"line":159,"column":55}},"10":{"start":{"line":160,"column":4},"end":{"line":160,"column":28}},"11":{"start":{"line":161,"column":4},"end":{"line":161,"column":18}},"12":{"start":{"line":164,"column":19},"end":{"line":164,"column":32}},"13":{"start":{"line":165,"column":24},"end":{"line":172,"column":3}},"14":{"start":{"line":166,"column":4},"end":{"line":166,"column":18}},"15":{"start":{"line":167,"column":4},"end":{"line":171,"column":7}},"16":{"start":{"line":174,"column":2},"end":{"line":198,"column":4}}},"fnMap":{"0":{"name":"(anonymous_0)","decl":{"start":{"line":148,"column":17},"end":{"line":148,"column":18}},"loc":{"start":{"line":148,"column":41},"end":{"line":199,"column":1}},"line":148},"1":{"name":"(anonymous_1)","decl":{"start":{"line":152,"column":22},"end":{"line":152,"column":23}},"loc":{"start":{"line":152,"column":34},"end":{"line":155,"column":3}},"line":152},"2":{"name":"(anonymous_2)","decl":{"start":{"line":157,"column":12},"end":{"line":157,"column":13}},"loc":{"start":{"line":157,"column":18},"end":{"line":162,"column":3}},"line":157},"3":{"name":"(anonymous_3)","decl":{"start":{"line":165,"column":24},"end":{"line":165,"column":25}},"loc":{"start":{"line":165,"column":30},"end":{"line":172,"column":3}},"line":165}},"branchMap":{},"s":{"0":1,"1":1,"2":3,"3":3,"4":3,"5":2,"6":2,"7":3,"8":2,"9":2,"10":2,"11":2,"12":3,"13":3,"14":0,"15":0,"16":3},"f":{"0":3,"1":2,"2":2,"3":0},"b":{},"_coverageSchema":"1a1c01bbd47fc00a2c39e90264f33305004495a9","hash":"7e9d85ac6746d2b6bcb63c7606adc4722da1eeb8"}
,"C:\\Users\\AADARSH\\OneDrive\\Desktop\\Mayank-Chaurasia-Frontend-Developer-main\\src\\Components\\FoodItems\\FoodItems.jsx": {"path":"C:\\Users\\AADARSH\\OneDrive\\Desktop\\Mayank-Chaurasia-Frontend-Developer-main\\src\\Components\\FoodItems\\FoodItems.jsx","statementMap":{"0":{"start":{"line":97,"column":12},"end":{"line":97,"column":67}},"1":{"start":{"line":99,"column":18},"end":{"line":162,"column":1}},"2":{"start":{"line":106,"column":34},"end":{"line":106,"column":46}},"3":{"start":{"line":107,"column":38},"end":{"line":107,"column":50}},"4":{"start":{"line":108,"column":36},"end":{"line":108,"column":50}},"5":{"start":{"line":112,"column":24},"end":{"line":112,"column":35}},"6":{"start":{"line":114,"column":20},"end":{"line":119,"column":3}},"7":{"start":{"line":115,"column":21},"end":{"line":115,"column":56}},"8":{"start":{"line":117,"column":4},"end":{"line":117,"column":28}},"9":{"start":{"line":118,"column":4},"end":{"line":118,"column":24}},"10":{"start":{"line":120,"column":2},"end":{"line":122,"column":16}},"11":{"start":{"line":121,"column":4},"end":{"line":121,"column":16}},"12":{"start":{"line":124,"column":2},"end":{"line":135,"column":29}},"13":{"start":{"line":125,"column":21},"end":{"line":133,"column":5}},"14":{"start":{"line":126,"column":20},"end":{"line":126,"column":33}},"15":{"start":{"line":127,"column":6},"end":{"line":130,"column":67}},"16":{"start":{"line":128,"column":8},"end":{"line":128,"column":67}},"17":{"start":{"line":128,"column":31},"end":{"line":128,"column":65}},"18":{"start":{"line":129,"column":13},"end":{"line":130,"column":67}},"19":{"start":{"line":130,"column":8},"end":{"line":130,"column":67}},"20":{"start":{"line":130,"column":31},"end":{"line":130,"column":65}},"21":{"start":{"line":132,"column":6},"end":{"line":132,"column":29}},"22":{"start":{"line":134,"column":4},"end":{"line":134,"column":15}},"23":{"start":{"line":138,"column":24},"end":{"line":138,"column":49}},"24":{"start":{"line":139,"column":25},"end":{"line":139,"column":52}},"25":{"start":{"line":140,"column":24},"end":{"line":140,"column":71}},"26":{"start":{"line":142,"column":2},"end":{"line":161,"column":4}},"27":{"start":{"line":148,"column":12},"end":{"line":148,"column":75}}},"fnMap":{"0":{"name":"(anonymous_0)","decl":{"start":{"line":99,"column":18},"end":{"line":99,"column":19}},"loc":{"start":{"line":105,"column":6},"end":{"line":162,"column":1}},"line":105},"1":{"name":"(anonymous_1)","decl":{"start":{"line":114,"column":20},"end":{"line":114,"column":21}},"loc":{"start":{"line":114,"column":32},"end":{"line":119,"column":3}},"line":114},"2":{"name":"(anonymous_2)","decl":{"start":{"line":120,"column":12},"end":{"line":120,"column":13}},"loc":{"start":{"line":120,"column":18},"end":{"line":122,"column":3}},"line":120},"3":{"name":"(anonymous_3)","decl":{"start":{"line":124,"column":12},"end":{"line":124,"column":13}},"loc":{"start":{"line":124,"column":18},"end":{"line":135,"column":3}},"line":124},"4":{"name":"(anonymous_4)","decl":{"start":{"line":125,"column":21},"end":{"line":125,"column":22}},"loc":{"start":{"line":125,"column":27},"end":{"line":133,"column":5}},"line":125},"5":{"name":"(anonymous_5)","decl":{"start":{"line":128,"column":21},"end":{"line":128,"column":22}},"loc":{"start":{"line":128,"column":31},"end":{"line":128,"column":65}},"line":128},"6":{"name":"(anonymous_6)","decl":{"start":{"line":130,"column":21},"end":{"line":130,"column":22}},"loc":{"start":{"line":130,"column":31},"end":{"line":130,"column":65}},"line":130},"7":{"name":"(anonymous_7)","decl":{"start":{"line":147,"column":29},"end":{"line":147,"column":30}},"loc":{"start":{"line":148,"column":12},"end":{"line":148,"column":75}},"line":148}},"branchMap":{"0":{"loc":{"start":{"line":127,"column":6},"end":{"line":130,"column":67}},"type":"if","locations":[{"start":{"line":127,"column":6},"end":{"line":130,"column":67}},{"start":{"line":129,"column":13},"end":{"line":130,"column":67}}],"line":127},"1":{"loc":{"start":{"line":129,"column":13},"end":{"line":130,"column":67}},"type":"if","locations":[{"start":{"line":129,"column":13},"end":{"line":130,"column":67}},{"start":{},"end":{}}],"line":129},"2":{"loc":{"start":{"line":146,"column":11},"end":{"line":146,"column":50}},"type":"binary-expr","locations":[{"start":{"line":146,"column":11},"end":{"line":146,"column":20}},{"start":{"line":146,"column":24},"end":{"line":146,"column":50}}],"line":146}},"s":{"0":1,"1":1,"2":8,"3":8,"4":8,"5":8,"6":8,"7":2,"8":2,"9":2,"10":8,"11":2,"12":8,"13":4,"14":4,"15":4,"16":2,"17":0,"18":2,"19":0,"20":0,"21":4,"22":4,"23":8,"24":8,"25":8,"26":8,"27":2},"f":{"0":8,"1":2,"2":2,"3":4,"4":4,"5":0,"6":0,"7":2},"b":{"0":[2,2],"1":[0,2],"2":[8,4]},"_coverageSchema":"1a1c01bbd47fc00a2c39e90264f33305004495a9","hash":"ebc68f44199934e2e612925f52c1994c956024bb"}
,"C:\\Users\\AADARSH\\OneDrive\\Desktop\\Mayank-Chaurasia-Frontend-Developer-main\\src\\Components\\Header\\NavBar\\NavBar.jsx": {"path":"C:\\Users\\AADARSH\\OneDrive\\Desktop\\Mayank-Chaurasia-Frontend-Developer-main\\src\\Components\\Header\\NavBar\\NavBar.jsx","statementMap":{"0":{"start":{"line":8,"column":15},"end":{"line":29,"column":1}},"1":{"start":{"line":12,"column":2},"end":{"line":28,"column":3}}},"fnMap":{"0":{"name":"(anonymous_0)","decl":{"start":{"line":8,"column":15},"end":{"line":8,"column":16}},"loc":{"start":{"line":8,"column":21},"end":{"line":29,"column":1}},"line":8}},"branchMap":{},"s":{"0":1,"1":1},"f":{"0":1},"b":{},"_coverageSchema":"1a1c01bbd47fc00a2c39e90264f33305004495a9","hash":"68d3adae9bedb6dce83f6fd574c75712fb771c9a"}
,"C:\\Users\\AADARSH\\OneDrive\\Desktop\\Mayank-Chaurasia-Frontend-Developer-main\\src\\Components\\Modal\\FoodModal.jsx": {"path":"C:\\Users\\AADARSH\\OneDrive\\Desktop\\Mayank-Chaurasia-Frontend-Developer-main\\src\\Components\\Modal\\FoodModal.jsx","statementMap":{"0":{"start":{"line":163,"column":14},"end":{"line":163,"column":69}},"1":{"start":{"line":165,"column":18},"end":{"line":238,"column":1}},"2":{"start":{"line":166,"column":30},"end":{"line":166,"column":42}},"3":{"start":{"line":167,"column":19},"end":{"line":167,"column":32}},"4":{"start":{"line":169,"column":22},"end":{"line":172,"column":3}},"5":{"start":{"line":170,"column":21},"end":{"line":170,"column":53}},"6":{"start":{"line":171,"column":4},"end":{"line":171,"column":29}},"7":{"start":{"line":174,"column":2},"end":{"line":176,"column":9}},"8":{"start":{"line":175,"column":4},"end":{"line":175,"column":18}},"9":{"start":{"line":178,"column":22},"end":{"line":181,"column":3}},"10":{"start":{"line":179,"column":4},"end":{"line":179,"column":19}},"11":{"start":{"line":180,"column":4},"end":{"line":180,"column":18}},"12":{"start":{"line":183,"column":2},"end":{"line":237,"column":4}}},"fnMap":{"0":{"name":"(anonymous_0)","decl":{"start":{"line":165,"column":18},"end":{"line":165,"column":19}},"loc":{"start":{"line":165,"column":39},"end":{"line":238,"column":1}},"line":165},"1":{"name":"(anonymous_1)","decl":{"start":{"line":169,"column":22},"end":{"line":169,"column":23}},"loc":{"start":{"line":169,"column":34},"end":{"line":172,"column":3}},"line":169},"2":{"name":"(anonymous_2)","decl":{"start":{"line":174,"column":12},"end":{"line":174,"column":13}},"loc":{"start":{"line":174,"column":18},"end":{"line":176,"column":3}},"line":174},"3":{"name":"(anonymous_3)","decl":{"start":{"line":178,"column":22},"end":{"line":178,"column":23}},"loc":{"start":{"line":178,"column":28},"end":{"line":181,"column":3}},"line":178}},"branchMap":{"0":{"loc":{"start":{"line":193,"column":9},"end":{"line":199,"column":25}},"type":"binary-expr","locations":[{"start":{"line":194,"column":10},"end":{"line":198,"column":12}},{"start":{"line":199,"column":13},"end":{"line":199,"column":25}}],"line":193},"1":{"loc":{"start":{"line":202,"column":11},"end":{"line":212,"column":11}},"type":"cond-expr","locations":[{"start":{"line":203,"column":12},"end":{"line":206,"column":18}},{"start":{"line":208,"column":12},"end":{"line":211,"column":18}}],"line":202},"2":{"loc":{"start":{"line":217,"column":13},"end":{"line":217,"column":43}},"type":"binary-expr","locations":[{"start":{"line":217,"column":13},"end":{"line":217,"column":27}},{"start":{"line":217,"column":31},"end":{"line":217,"column":43}}],"line":217},"3":{"loc":{"start":{"line":228,"column":11},"end":{"line":228,"column":41}},"type":"binary-expr","locations":[{"start":{"line":228,"column":11},"end":{"line":228,"column":25}},{"start":{"line":228,"column":29},"end":{"line":228,"column":41}}],"line":228}},"s":{"0":1,"1":1,"2":5,"3":5,"4":5,"5":2,"6":2,"7":5,"8":2,"9":5,"10":1,"11":1,"12":5},"f":{"0":5,"1":2,"2":2,"3":1},"b":{"0":[5,0],"1":[3,2],"2":[5,2],"3":[5,5]},"_coverageSchema":"1a1c01bbd47fc00a2c39e90264f33305004495a9","hash":"f71b62d631b7df0b961f51aca51842a43eb5ef81"}
,"C:\\Users\\AADARSH\\OneDrive\\Desktop\\Mayank-Chaurasia-Frontend-Developer-main\\src\\Components\\Pagination\\Pagination.jsx": {"path":"C:\\Users\\AADARSH\\OneDrive\\Desktop\\Mayank-Chaurasia-Frontend-Developer-main\\src\\Components\\Pagination\\Pagination.jsx","statementMap":{"0":{"start":{"line":5,"column":19},"end":{"line":57,"column":1}},"1":{"start":{"line":11,"column":18},"end":{"line":11,"column":20}},"2":{"start":{"line":12,"column":2},"end":{"line":12,"column":80}},"3":{"start":{"line":12,"column":15},"end":{"line":12,"column":16}},"4":{"start":{"line":12,"column":64},"end":{"line":12,"column":80}},"5":{"start":{"line":14,"column":21},"end":{"line":18,"column":3}},"6":{"start":{"line":15,"column":4},"end":{"line":17,"column":5}},"7":{"start":{"line":16,"column":6},"end":{"line":16,"column":38}},"8":{"start":{"line":20,"column":21},"end":{"line":24,"column":3}},"9":{"start":{"line":21,"column":4},"end":{"line":23,"column":5}},"10":{"start":{"line":22,"column":6},"end":{"line":22,"column":38}},"11":{"start":{"line":26,"column":2},"end":{"line":56,"column":4}},"12":{"start":{"line":37,"column":8},"end":{"line":45,"column":17}},"13":{"start":{"line":42,"column":25},"end":{"line":42,"column":45}}},"fnMap":{"0":{"name":"(anonymous_0)","decl":{"start":{"line":5,"column":19},"end":{"line":5,"column":20}},"loc":{"start":{"line":10,"column":6},"end":{"line":57,"column":1}},"line":10},"1":{"name":"(anonymous_1)","decl":{"start":{"line":14,"column":21},"end":{"line":14,"column":22}},"loc":{"start":{"line":14,"column":27},"end":{"line":18,"column":3}},"line":14},"2":{"name":"(anonymous_2)","decl":{"start":{"line":20,"column":21},"end":{"line":20,"column":22}},"loc":{"start":{"line":20,"column":27},"end":{"line":24,"column":3}},"line":20},"3":{"name":"(anonymous_3)","decl":{"start":{"line":36,"column":19},"end":{"line":36,"column":20}},"loc":{"start":{"line":37,"column":8},"end":{"line":45,"column":17}},"line":37},"4":{"name":"(anonymous_4)","decl":{"start":{"line":42,"column":19},"end":{"line":42,"column":20}},"loc":{"start":{"line":42,"column":25},"end":{"line":42,"column":45}},"line":42}},"branchMap":{"0":{"loc":{"start":{"line":15,"column":4},"end":{"line":17,"column":5}},"type":"if","locations":[{"start":{"line":15,"column":4},"end":{"line":17,"column":5}},{"start":{},"end":{}}],"line":15},"1":{"loc":{"start":{"line":21,"column":4},"end":{"line":23,"column":5}},"type":"if","locations":[{"start":{"line":21,"column":4},"end":{"line":23,"column":5}},{"start":{},"end":{}}],"line":21},"2":{"loc":{"start":{"line":30,"column":10},"end":{"line":32,"column":51}},"type":"cond-expr","locations":[{"start":{"line":31,"column":14},"end":{"line":31,"column":29}},{"start":{"line":32,"column":14},"end":{"line":32,"column":51}}],"line":30},"3":{"loc":{"start":{"line":40,"column":12},"end":{"line":40,"column":66}},"type":"cond-expr","locations":[{"start":{"line":40,"column":35},"end":{"line":40,"column":61}},{"start":{"line":40,"column":64},"end":{"line":40,"column":66}}],"line":40},"4":{"loc":{"start":{"line":49,"column":10},"end":{"line":51,"column":51}},"type":"cond-expr","locations":[{"start":{"line":50,"column":14},"end":{"line":50,"column":29}},{"start":{"line":51,"column":14},"end":{"line":51,"column":51}}],"line":49}},"s":{"0":2,"1":10,"2":10,"3":10,"4":6,"5":10,"6":0,"7":0,"8":10,"9":0,"10":0,"11":10,"12":6,"13":1},"f":{"0":10,"1":0,"2":0,"3":6,"4":1},"b":{"0":[0,0],"1":[0,0],"2":[10,0],"3":[4,2],"4":[2,8]},"_coverageSchema":"1a1c01bbd47fc00a2c39e90264f33305004495a9","hash":"f79e83cef3f5f35ef12c4d766cdc4c8ffa2fd3b1"}
}
