TN:
SF:src\Components\Additional\CartSkeleton.jsx
FN:4,(anonymous_0)
FN:6,(anonymous_1)
FNF:2
FNH:2
FNDA:4,(anonymous_0)
FNDA:32,(anonymous_1)
DA:4,1
DA:5,4
DA:7,32
LF:3
LH:3
BRF:0
BRH:0
end_of_record
TN:
SF:src\Components\FoodItems\FoodGrid.jsx
FN:148,(anonymous_0)
FN:152,(anonymous_1)
FN:157,(anonymous_2)
FN:165,(anonymous_3)
FNF:4
FNH:3
FNDA:3,(anonymous_0)
FNDA:2,(anonymous_1)
FNDA:2,(anonymous_2)
FNDA:0,(anonymous_3)
DA:146,1
DA:148,1
DA:149,3
DA:150,3
DA:152,3
DA:153,2
DA:154,2
DA:157,3
DA:158,2
DA:159,2
DA:160,2
DA:161,2
DA:164,3
DA:165,3
DA:166,0
DA:167,0
DA:174,3
LF:17
LH:15
BRF:0
BRH:0
end_of_record
TN:
SF:src\Components\FoodItems\FoodItems.jsx
FN:99,(anonymous_0)
FN:114,(anonymous_1)
FN:120,(anonymous_2)
FN:124,(anonymous_3)
FN:125,(anonymous_4)
FN:128,(anonymous_5)
FN:130,(anonymous_6)
FN:147,(anonymous_7)
FNF:8
FNH:6
FNDA:8,(anonymous_0)
FNDA:2,(anonymous_1)
FNDA:2,(anonymous_2)
FNDA:4,(anonymous_3)
FNDA:4,(anonymous_4)
FNDA:0,(anonymous_5)
FNDA:0,(anonymous_6)
FNDA:2,(anonymous_7)
DA:97,1
DA:99,1
DA:106,8
DA:107,8
DA:108,8
DA:112,8
DA:114,8
DA:115,2
DA:117,2
DA:118,2
DA:120,8
DA:121,2
DA:124,8
DA:125,4
DA:126,4
DA:127,4
DA:128,2
DA:129,2
DA:130,0
DA:132,4
DA:134,4
DA:138,8
DA:139,8
DA:140,8
DA:142,8
DA:148,2
LF:26
LH:25
BRDA:127,0,0,2
BRDA:127,0,1,2
BRDA:129,1,0,0
BRDA:129,1,1,2
BRDA:146,2,0,8
BRDA:146,2,1,4
BRF:6
BRH:5
end_of_record
TN:
SF:src\Components\Header\NavBar\NavBar.jsx
FN:8,(anonymous_0)
FNF:1
FNH:1
FNDA:1,(anonymous_0)
DA:8,1
DA:12,1
LF:2
LH:2
BRF:0
BRH:0
end_of_record
TN:
SF:src\Components\Modal\FoodModal.jsx
FN:165,(anonymous_0)
FN:169,(anonymous_1)
FN:174,(anonymous_2)
FN:178,(anonymous_3)
FNF:4
FNH:4
FNDA:5,(anonymous_0)
FNDA:2,(anonymous_1)
FNDA:2,(anonymous_2)
FNDA:1,(anonymous_3)
DA:163,1
DA:165,1
DA:166,5
DA:167,5
DA:169,5
DA:170,2
DA:171,2
DA:174,5
DA:175,2
DA:178,5
DA:179,1
DA:180,1
DA:183,5
LF:13
LH:13
BRDA:193,0,0,5
BRDA:193,0,1,0
BRDA:202,1,0,3
BRDA:202,1,1,2
BRDA:217,2,0,5
BRDA:217,2,1,2
BRDA:228,3,0,5
BRDA:228,3,1,5
BRF:8
BRH:7
end_of_record
TN:
SF:src\Components\Pagination\Pagination.jsx
FN:5,(anonymous_0)
FN:14,(anonymous_1)
FN:20,(anonymous_2)
FN:36,(anonymous_3)
FN:42,(anonymous_4)
FNF:5
FNH:3
FNDA:10,(anonymous_0)
FNDA:0,(anonymous_1)
FNDA:0,(anonymous_2)
FNDA:6,(anonymous_3)
FNDA:1,(anonymous_4)
DA:5,2
DA:11,10
DA:12,10
DA:14,10
DA:15,0
DA:16,0
DA:20,10
DA:21,0
DA:22,0
DA:26,10
DA:37,6
DA:42,1
LF:12
LH:8
BRDA:15,0,0,0
BRDA:15,0,1,0
BRDA:21,1,0,0
BRDA:21,1,1,0
BRDA:30,2,0,10
BRDA:30,2,1,0
BRDA:40,3,0,4
BRDA:40,3,1,2
BRDA:49,4,0,2
BRDA:49,4,1,8
BRF:10
BRH:5
end_of_record
